\BOOKMARK [0][-]{chapter.1}{\376\377\000W\000s\000t\001\031\000p}{}% 1
\BOOKMARK [1][-]{section.1.1}{\376\377\000C\000e\000l\000\040\000p\000r\000a\000c\000y}{chapter.1}% 2
\BOOKMARK [1][-]{section.1.2}{\376\377\000A\000n\000a\000l\000i\000z\000a\000\040\000r\000o\000z\000w\000i\001\005\000z\000a\001\104\000\040\000l\000i\000t\000e\000r\000a\000t\000u\000r\000o\000w\000y\000c\000h}{chapter.1}% 3
\BOOKMARK [0][-]{chapter.2}{\376\377\000P\000r\000z\000y\000k\001\102\000a\000d\000o\000w\000a\000\040\000r\000e\000a\000l\000i\000z\000a\000c\000j\000a\000\040\000s\000y\000s\000t\000e\000m\000u\000\040\000w\000i\000z\000u\000a\000l\000i\000z\000a\000c\000j\000i}{}% 4
\BOOKMARK [1][-]{section.2.1}{\376\377\000Z\000a\001\102\000o\001\174\000e\000n\000i\000a\000\040\000r\000e\000a\000l\000i\000z\000a\000c\000y\000j\000n\000e}{chapter.2}% 5
\BOOKMARK [1][-]{section.2.2}{\376\377\000S\000c\000h\000e\000m\000a\000t\000\040\000b\000l\000o\000k\000o\000w\000y}{chapter.2}% 6
\BOOKMARK [0][-]{chapter.3}{\376\377\000C\000z\001\031\001\133\001\007\000\040\000p\000r\000o\000j\000e\000k\000t\000o\000w\000a}{}% 7
\BOOKMARK [1][-]{section.3.1}{\376\377\000S\000y\000s\000t\000e\000m\000\040\000m\000i\000k\000r\000o\000p\000r\000o\000c\000e\000s\000o\000r\000o\000w\000y}{chapter.3}% 8
\BOOKMARK [1][-]{section.3.2}{\376\377\000A\000d\000r\000e\000s\000o\000w\000a\000l\000n\000e\000\040\000d\000i\000o\000d\000y\000\040\000L\000E\000D}{chapter.3}% 9
\BOOKMARK [1][-]{section.3.3}{\376\377\000P\000r\000z\000y\000c\000i\000s\000k\000i}{chapter.3}% 10
\BOOKMARK [1][-]{section.3.4}{\376\377\000P\000o\000d\001\133\000w\000i\000e\000t\000l\000e\000n\000i\000e\000\040\000L\000E\000D}{chapter.3}% 11
\BOOKMARK [1][-]{section.3.5}{\376\377\000E\000n\000k\000o\000d\000e\000r}{chapter.3}% 12
\BOOKMARK [1][-]{section.3.6}{\376\377\000P\000r\000z\000e\001\102\001\005\000c\000z\000n\000i\000k\000\040\000t\000r\000y\000b\000\363\000w}{chapter.3}% 13
\BOOKMARK [1][-]{section.3.7}{\376\377\000S\000e\000r\000w\000e\000r}{chapter.3}% 14
\BOOKMARK [1][-]{section.3.8}{\376\377\000P\000u\000n\000k\000t\000\040\000d\000o\000s\000t\001\031\000p\000o\000w\000y}{chapter.3}% 15
\BOOKMARK [1][-]{section.3.9}{\376\377\000S\000t\000r\000o\000n\000a\000\040\000i\000n\000t\000e\000r\000n\000e\000t\000o\000w\000a}{chapter.3}% 16
\BOOKMARK [1][-]{section.3.10}{\376\377\000I\000n\000t\000e\000r\000f\000e\000j\000s\000\040\000k\000o\000m\000u\000n\000i\000k\000a\000c\000y\000j\000n\000y}{chapter.3}% 17
\BOOKMARK [1][-]{section.3.11}{\376\377\000Z\000a\000s\000i\000l\000a\000n\000i\000e}{chapter.3}% 18
\BOOKMARK [0][-]{chapter.4}{\376\377\000S\000c\000h\000e\000m\000a\000t\000y\000\040\000b\000l\000o\000k\000\363\000w\000\040\000s\000y\000s\000t\000e\000m\000u\000\040\000w\000i\000z\000u\000a\000l\000i\000z\000a\000c\000j\000i}{}% 19
\BOOKMARK [1][-]{section.4.1}{\376\377\000P\001\102\000y\000t\000a\000\040\000g\001\102\000\363\000w\000n\000a\000\040\000S\000W\000I\000M}{chapter.4}% 20
\BOOKMARK [1][-]{section.4.2}{\376\377\000W\000y\001\133\000w\000i\000e\000t\000l\000a\000c\000z\000\040\000s\000i\000e\000d\000m\000i\000o\000s\000e\000g\000m\000e\000n\000t\000o\000w\000y\000\040\000t\000r\000z\000y\000c\000y\000f\000r\000o\000w\000y}{chapter.4}% 21
\BOOKMARK [1][-]{section.4.3}{\376\377\000W\000y\001\133\000w\000i\000e\000t\000l\000a\000c\000z\000\040\000s\000i\000e\000d\000m\000i\000o\000s\000e\000g\000m\000e\000n\000t\000o\000w\000y\000\040\000d\000w\000u\000c\000y\000f\000r\000o\000w\000y}{chapter.4}% 22
\BOOKMARK [1][-]{section.4.4}{\376\377\000P\000o\001\102\001\005\000c\000z\000e\000n\000i\000a\000\040\000p\000o\000m\000i\001\031\000d\000z\000y\000\040\000b\000l\000o\000k\000a\000m\000i}{chapter.4}% 23
\BOOKMARK [0][-]{chapter.5}{\376\377\000C\000z\001\031\001\133\001\007\000\040\000k\000o\000n\000s\000t\000r\000u\000k\000c\000y\000j\000n\000a}{}% 24
\BOOKMARK [1][-]{section.5.1}{\376\377\000O\000b\000w\000o\000d\000y\000\040\000d\000r\000u\000k\000o\000w\000a\000n\000e}{chapter.5}% 25
\BOOKMARK [2][-]{subsection.5.1.1}{\376\377\000P\001\102\000y\000t\000a\000\040\000g\001\102\000\363\000w\000n\000a}{section.5.1}% 26
\BOOKMARK [2][-]{subsection.5.1.2}{\376\377\000W\000y\001\133\000w\000i\000e\000t\000l\000a\000c\000z\000e\000\040\000s\000i\000e\000d\000m\000i\000o\000s\000e\000g\000m\000e\000n\000t\000o\000w\000e}{section.5.1}% 27
\BOOKMARK [1][-]{section.5.2}{\376\377\000O\000p\000i\000s\000\040\000z\001\102\001\005\000c\000z}{chapter.5}% 28
\BOOKMARK [2][-]{subsection.5.2.1}{\376\377\000P\001\102\000y\000t\000a\000\040\000g\001\102\000\363\000w\000n\000a}{section.5.2}% 29
\BOOKMARK [2][-]{subsection.5.2.2}{\376\377\000W\000y\001\133\000w\000i\000e\000t\000l\000a\000c\000z\000e\000\040\000s\000e\000g\000m\000e\000n\000t\000o\000w\000e}{section.5.2}% 30
\BOOKMARK [0][-]{chapter.6}{\376\377\000O\000p\000i\000s\000\040\000o\000p\000r\000o\000g\000r\000a\000m\000o\000w\000a\000n\000i\000a}{}% 31
\BOOKMARK [1][-]{section.6.1}{\376\377\000P\000r\000o\000g\000r\000a\000m\000\040\000m\000i\000k\000r\000o\000k\000o\000n\000t\000r\000o\000l\000e\000r\000a}{chapter.6}% 32
\BOOKMARK [2][-]{subsection.6.1.1}{\376\377\000O\000b\000s\001\102\000u\000g\000a\000\040\000l\000i\000n\000i\000i\000\040\000a\000d\000r\000e\000s\000o\000w\000a\000l\000n\000y\000c\000h\000\040\000d\000i\000o\000d\000\040\000L\000E\000D}{section.6.1}% 33
\BOOKMARK [2][-]{subsection.6.1.2}{\376\377\000O\000b\000s\001\102\000u\000g\000a\000\040\000p\000r\000z\000y\000c\000i\000s\000k\000\363\000w\000,\000\040\000e\000n\000k\000o\000d\000e\000r\000a\000\040\000o\000r\000a\000z\000\040\000p\000r\000z\000e\001\102\001\005\000c\000z\000n\000i\000k\000a\000\040\000t\000r\000y\000b\000\363\000w}{section.6.1}% 34
\BOOKMARK [2][-]{subsection.6.1.3}{\376\377\000O\000b\000s\001\102\000u\000g\000a\000\040\000p\000a\000m\000i\001\031\000c\000i\000\040\000n\000i\000e\000u\000l\000o\000t\000n\000e\000j\000/\000s\000y\000s\000t\000e\000m\000u\000\040\000p\000l\000i\000k\000\363\000w}{section.6.1}% 35
\BOOKMARK [2][-]{subsection.6.1.4}{\376\377\000O\000b\000s\001\102\000u\000g\000a\000\040\000t\000r\000y\000b\000u\000\040\000s\000i\000e\000c\000i\000o\000w\000e\000g\000o\000\040\000S\000W\000I\000M}{section.6.1}% 36
\BOOKMARK [2][-]{subsection.6.1.5}{\376\377\000O\000b\000s\001\102\000u\000g\000a\000\040\000t\000r\000y\000b\000u\000\040\000l\000o\000k\000a\000l\000n\000e\000g\000o\000\040\000S\000W\000I\000M}{section.6.1}% 37
\BOOKMARK [0][-]{chapter.7}{\376\377\000O\000b\000s\001\102\000u\000g\000a}{}% 38
\BOOKMARK [0][-]{section*.35}{\376\377\000B\000i\000b\000l\000i\000o\000g\000r\000a\000f\000i\000a}{}% 39
\BOOKMARK [0][-]{appendix*.36}{\376\377\000S\000p\000i\000s\000\040\000s\000k\000r\000\363\000t\000\363\000w\000\040\000i\000\040\000s\000y\000m\000b\000o\000l\000i}{}% 40
\BOOKMARK [0][-]{appendix*.37}{\376\377\001\171\000r\000\363\000d\001\102\000a}{}% 41
\BOOKMARK [0][-]{appendix*.38}{\376\377\000L\000i\000s\000t\000a\000\040\000d\000o\000d\000a\000t\000k\000o\000w\000y\000c\000h\000\040\000p\000l\000i\000k\000\363\000w\000,\000\040\000u\000z\000u\000p\000e\001\102\000n\000i\000a\000j\001\005\000c\000y\000c\000h\000\040\000t\000e\000k\000s\000t\000\040\000p\000r\000a\000c\000y}{}% 42
\BOOKMARK [0][-]{appendix*.39}{\376\377\000S\000p\000i\000s\000\040\000r\000y\000s\000u\000n\000k\000\363\000w}{}% 43
\BOOKMARK [0][-]{appendix*.40}{\376\377\000S\000p\000i\000s\000\040\000t\000a\000b\000e\000l}{}% 44
